0 info it worked if it ends with ok
1 verbose cli [ 'C:\\Program Files\\nodejs\\node.exe',
1 verbose cli   'C:\\Program Files\\nodejs\\node_modules\\npm\\bin\\npm-cli.js',
1 verbose cli   'start' ]
2 info using npm@3.10.10
3 info using node@v6.11.4
4 verbose run-script [ 'prestart', 'start', 'poststart' ]
5 info lifecycle my-organizer@~prestart: my-organizer@
6 silly lifecycle my-organizer@~prestart: no script for prestart, continuing
7 info lifecycle my-organizer@~start: my-organizer@
8 verbose lifecycle my-organizer@~start: unsafe-perm in lifecycle true
9 verbose lifecycle my-organizer@~start: PATH: C:\Program Files\nodejs\node_modules\npm\bin\node-gyp-bin;C:\Users\Student\My Organizer\angular1\my organizer\node_modules\.bin;C:\Program Files (x86)\Common Files\Intel\Shared Libraries\redist\intel64\compiler;C:\ProgramData\Oracle\Java\javapath;C:\windows\system32;C:\windows;C:\windows\System32\Wbem;C:\windows\System32\WindowsPowerShell\v1.0\;C:\windows\system32\config\systemprofile\.dnx\bin;C:\Program Files\Microsoft DNX\Dnvm\;C:\Program Files\Microsoft SQL Server\130\Tools\Binn\;C:\Program Files (x86)\Windows Kits\10\Windows Performance Toolkit\;C:\Program Files (x86)\IVI Foundation\VISA\WinNT\Bin;C:\Program Files (x86)\Windows Live\Shared;C:\Program Files (x86)\Brackets\command;C:\Program Files\nodejs\;C:\Program Files\TortoiseGit\bin;C:\Users\Student\AppData\Local\Microsoft\WindowsApps;C:\Users\Student\AppData\Roaming\npm;C:\Users\Student\Git\cmd
10 verbose lifecycle my-organizer@~start: CWD: C:\Users\Student\My Organizer\angular1\my organizer
11 silly lifecycle my-organizer@~start: Args: [ '/d /s /c', 'http-server -a localhost -p 8000 -c-1 ./app' ]
12 silly lifecycle my-organizer@~start: Returned: code: 3221225786  signal: null
13 info lifecycle my-organizer@~start: Failed to exec start script
14 verbose stack Error: my-organizer@ start: `http-server -a localhost -p 8000 -c-1 ./app`
14 verbose stack Exit status 3221225786
14 verbose stack     at EventEmitter.<anonymous> (C:\Program Files\nodejs\node_modules\npm\lib\utils\lifecycle.js:255:16)
14 verbose stack     at emitTwo (events.js:106:13)
14 verbose stack     at EventEmitter.emit (events.js:191:7)
14 verbose stack     at ChildProcess.<anonymous> (C:\Program Files\nodejs\node_modules\npm\lib\utils\spawn.js:40:14)
14 verbose stack     at emitTwo (events.js:106:13)
14 verbose stack     at ChildProcess.emit (events.js:191:7)
14 verbose stack     at maybeClose (internal/child_process.js:920:16)
14 verbose stack     at Process.ChildProcess._handle.onexit (internal/child_process.js:230:5)
15 verbose pkgid my-organizer@
16 verbose cwd C:\Users\Student\My Organizer\angular1\my organizer
17 error Windows_NT 10.0.14393
18 error argv "C:\\Program Files\\nodejs\\node.exe" "C:\\Program Files\\nodejs\\node_modules\\npm\\bin\\npm-cli.js" "start"
19 error node v6.11.4
20 error npm  v3.10.10
21 error code ELIFECYCLE
22 error my-organizer@ start: `http-server -a localhost -p 8000 -c-1 ./app`
22 error Exit status 3221225786
23 error Failed at the my-organizer@ start script 'http-server -a localhost -p 8000 -c-1 ./app'.
23 error Make sure you have the latest version of node.js and npm installed.
23 error If you do, this is most likely a problem with the my-organizer package,
23 error not with npm itself.
23 error Tell the author that this fails on your system:
23 error     http-server -a localhost -p 8000 -c-1 ./app
23 error You can get information on how to open an issue for this project with:
23 error     npm bugs my-organizer
23 error Or if that isn't available, you can get their info via:
23 error     npm owner ls my-organizer
23 error There is likely additional logging output above.
24 verbose exit [ 1, true ]
